Started at Wed Mar 02 08:43:46 UTC 2022
Processing build-job-1
Offering build-job-1 to Project Build Discarder
Processing c-project
Offering c-project to Project Build Discarder
Processing c-project-jenkins
Offering c-project-jenkins to Project Build Discarder
Processing c-project-new
Offering c-project-new to Project Build Discarder
Processing c-project1
Offering c-project1 to Project Build Discarder
Processing deploy-to-tomcat
Offering deploy-to-tomcat to Project Build Discarder
Processing deployment-job-2
Offering deployment-job-2 to Project Build Discarder
Processing java-pro
Offering java-pro to Project Build Discarder
Processing test-job3
Offering test-job3 to Project Build Discarder
Finished at Wed Mar 02 08:43:46 UTC 2022. 6ms
